[2019-05-24T19:34:26.229] [INFO] servicelogs - GET ==> /admin/login ==> 返回数据: {"a":1,"b":2} ==> 耗时：2ms
[2019-05-24T19:34:27.002] [INFO] servicelogs - GET ==> /admin/login ==> 返回数据: {"a":1,"b":2} ==> 耗时：1ms
[2019-05-24T19:34:27.735] [INFO] servicelogs - GET ==> /admin/login ==> 返回数据: {"a":1,"b":2} ==> 耗时：0ms
[2019-05-24T19:34:38.783] [ERROR] servicelogs - GET ==> /tst/login ==> 错误信息:Not Found
[2019-05-24T19:34:46.406] [ERROR] servicelogs - GET ==> /test/login ==> 错误信息:Method Not Allowed
[2019-05-24T19:34:47.197] [ERROR] servicelogs - GET ==> /test/login ==> 错误信息:Method Not Allowed
[2019-05-24T19:34:52.280] [INFO] servicelogs - GET ==> /admin/login ==> 返回数据: {"a":1,"b":2} ==> 耗时：0ms
[2019-05-24T19:35:20.446] [ERROR] servicelogs - GET ==> /admin/login ==> 错误信息:服务出错了！
[2019-05-24T19:36:59.308] [ERROR] servicelogs - GET ==> /admin/login ==> 错误信息:服务出错了！
[2019-05-24T19:37:03.676] [ERROR] servicelogs - GET ==> /test/login ==> 错误信息:Method Not Allowed
[2019-05-24T19:37:24.965] [ERROR] servicelogs - GET ==> /admin/login ==> 错误信息:服务出错了！
[2019-05-24T19:41:03.650] [ERROR] servicelogs - GET ==> /admin/login ==> 错误信息:服务出错了！
[2019-05-24T19:41:18.212] [ERROR] servicelogs - GET ==> /admin/login ==> 错误信息:服务出错了！
[2019-05-24T19:44:00.248] [INFO] servicelogs - POST ==> /test/login? ==> 返回数据: {"a":"2"} ==> 耗时：28ms
[2019-05-24T19:44:50.831] [INFO] servicelogs - POST ==> /test/login? ==> 请求参数:  {"a":"2"} ==> 返回数据: "2" ==> 耗时：16ms
[2019-05-24T19:45:06.956] [INFO] servicelogs - POST ==> /test/login? ==> 请求参数:  {"a":"2","c":"2"} ==> 返回数据: "2" ==> 耗时：2ms
[2019-05-24T19:45:18.068] [ERROR] servicelogs - GET ==> /test/login?&a=2&c=2 ==> 错误信息:Method Not Allowed
[2019-05-24T19:45:55.361] [ERROR] servicelogs - GET ==> /test/login?&a=2&c=2 ==> 错误信息:Method Not Allowed
[2019-05-24T19:46:01.421] [ERROR] servicelogs - GET ==> /test/login?&a=2&c=2 ==> 错误信息:Method Not Allowed
[2019-05-24T19:46:48.211] [ERROR] servicelogs - GET ==> /test/login?&a=2&c=2 ==> 错误信息:Method Not Allowed
[2019-05-24T19:46:52.731] [INFO] servicelogs - POST ==> /test/login? ==> 请求参数:  undefined ==> 返回数据: "2" ==> 耗时：1ms
[2019-05-24T19:47:09.248] [INFO] servicelogs - POST ==> /test/login? ==> 请求参数:  {"a":"2","c":"2"} ==> 返回数据: "2" ==> 耗时：5ms
[2019-05-24T19:49:09.616] [INFO] servicelogs - POST ==> /test/login? ==> 请求参数:  {"a":"2","c":"2"} ==> 返回数据: "2" ==> 耗时：3ms
[2019-05-24T19:49:27.498] [INFO] servicelogs - POST ==> /test/login? ==> 请求参数:  {"a":"2","c":"2"} ==> 返回数据: "2" ==> 耗时：0ms
[2019-05-24T19:49:35.897] [ERROR] servicelogs - GET ==> /admin/login ==> 错误信息:服务出错了！
[2019-05-24T19:49:53.665] [INFO] servicelogs - GET ==> /test/login?&a=2&c=2 ==> 返回数据: "2" ==> 耗时： 3ms
[2019-05-24T19:50:40.072] [INFO] servicelogs - GET ==> /test/login?&a=2&c=2 ==> 返回数据: "2" ==> 耗时：2ms
[2019-05-24T19:50:50.514] [ERROR] servicelogs - POST ==> /test/login? ==> 错误信息:Method Not Allowed
