[2019-06-01T10:54:48.978] [ERROR] SERVICELOG - GET==>/favicon.ico==>request==>{}==>response==>"Not Found"==>1ms
[2019-06-01T11:03:58.736] [ERROR] SERVICELOG - GET==>/admin/login==>request==>{}==>response==>"Method Not Allowed"==>2ms
[2019-06-01T11:04:07.169] [ERROR] SERVICELOG - GET==>/admin/login==>request==>{}==>response==>服务出错了！==>2ms
[2019-06-01T11:13:36.263] [ERROR] SERVICELOG - GET==>/admin/login==>request==>{}==>response==>服务出错了！==>2ms
[2019-06-01T11:13:36.996] [ERROR] SERVICELOG - GET==>/admin/login==>request==>{}==>response==>服务出错了！==>1ms
[2019-06-01T11:13:38.479] [ERROR] SERVICELOG - GET==>/test/login==>request==>{}==>response==>"Not Found"==>0ms
[2019-06-01T11:17:24.546] [ERROR] SERVICELOG - GET==>/test/login==>request==>{}==>response==>"Not Found"==>1ms
[2019-06-01T11:17:42.857] [ERROR] SERVICELOG - GET==>/test/login==>request==>{}==>response==>"Not Found"==>0ms
[2019-06-01T11:17:43.763] [ERROR] SERVICELOG - GET==>/test/login==>request==>{}==>response==>"Not Found"==>0ms
[2019-06-01T11:17:45.047] [ERROR] SERVICELOG - GET==>/test/login==>request==>{}==>response==>"Not Found"==>0ms
[2019-06-01T11:17:47.073] [ERROR] SERVICELOG - GET==>/test/login==>request==>{}==>response==>"Not Found"==>0ms
[2019-06-01T11:17:58.026] [ERROR] SERVICELOG - GET==>/admin/login==>request==>{}==>response==>"Not Found"==>0ms
[2019-06-01T11:18:21.445] [ERROR] SERVICELOG - GET==>/admin/login==>request==>{}==>response==>"Not Found"==>1ms
[2019-06-01T11:18:22.315] [ERROR] SERVICELOG - GET==>/admin/login==>request==>{}==>response==>"Not Found"==>0ms
[2019-06-01T11:18:31.244] [ERROR] SERVICELOG - GET==>/admin/login==>request==>{}==>response==>"Not Found"==>3ms
[2019-06-01T11:19:01.137] [ERROR] SERVICELOG - GET==>/admin/login==>request==>{}==>response==>"Not Found"==>2ms
[2019-06-01T11:19:35.498] [ERROR] SERVICELOG - GET==>/admin/login==>request==>{}==>response==>"Not Found"==>1ms
[2019-06-01T11:19:36.090] [ERROR] SERVICELOG - GET==>/admin/login==>request==>{}==>response==>"Not Found"==>0ms
[2019-06-01T11:19:41.734] [ERROR] SERVICELOG - GET==>/admin/login==>request==>{}==>response==>"Not Found"==>1ms
[2019-06-01T11:19:43.668] [ERROR] SERVICELOG - GET==>/admin/login==>request==>{}==>response==>"Not Found"==>0ms
[2019-06-01T11:19:44.161] [ERROR] SERVICELOG - GET==>/admin/login==>request==>{}==>response==>"Not Found"==>0ms
[2019-06-01T11:19:44.419] [ERROR] SERVICELOG - GET==>/admin/login==>request==>{}==>response==>"Not Found"==>0ms
[2019-06-01T11:19:44.651] [ERROR] SERVICELOG - GET==>/admin/login==>request==>{}==>response==>"Not Found"==>0ms
[2019-06-01T11:19:44.858] [ERROR] SERVICELOG - GET==>/admin/login==>request==>{}==>response==>"Not Found"==>0ms
[2019-06-01T11:19:45.036] [ERROR] SERVICELOG - GET==>/admin/login==>request==>{}==>response==>"Not Found"==>0ms
[2019-06-01T11:19:45.231] [ERROR] SERVICELOG - GET==>/admin/login==>request==>{}==>response==>"Not Found"==>0ms
[2019-06-01T11:19:48.493] [ERROR] SERVICELOG - GET==>/test/login==>request==>{}==>response==>"Not Found"==>0ms
[2019-06-01T11:21:01.865] [ERROR] SERVICELOG - GET==>/admin/login==>request==>{}==>response==>"Not Found"==>0ms
[2019-06-01T11:21:12.484] [ERROR] SERVICELOG - GET==>/admin/login==>request==>{}==>response==>服务出错了！==>2ms
[2019-06-01T11:21:13.089] [ERROR] SERVICELOG - GET==>/admin/login==>request==>{}==>response==>服务出错了！==>0ms
[2019-06-01T11:21:29.339] [ERROR] SERVICELOG - GET==>/admin/login==>request==>{}==>response==>服务出错了！==>2ms
[2019-06-01T11:21:29.881] [ERROR] SERVICELOG - GET==>/admin/login==>request==>{}==>response==>服务出错了！==>2ms
[2019-06-01T11:22:00.677] [ERROR] SERVICELOG - GET==>/admin/login==>request==>{}==>response==>服务出错了！==>0ms
[2019-06-01T11:25:50.080] [ERROR] SERVICELOG - GET==>/admin/login==>request==>{}==>response==>Cannot read property 'user' of undefined==>1ms
[2019-06-01T12:17:10.152] [ERROR] SERVICELOG - GET==>/admin/login==>request==>{}==>response==>Cannot read property 'user' of undefined==>1ms
[2019-06-01T12:17:10.780] [ERROR] SERVICELOG - GET==>/admin/login==>request==>{}==>response==>Cannot read property 'user' of undefined==>1ms
[2019-06-01T12:21:45.619] [ERROR] SERVICELOG - GET==>/minad/login==>request==>{}==>response==>"Not Found"==>0ms
[2019-06-01T12:21:48.343] [ERROR] SERVICELOG - GET==>/admin/login==>request==>{}==>response==>Cannot read property 'user' of undefined==>0ms
[2019-06-01T14:06:40.030] [ERROR] SERVICELOG - GET==>/admin/login==>request==>{}==>response==>Cannot read property 'user' of undefined==>10ms
