[2019-06-01T10:54:48.064] [INFO] SERVICELOG - GET==>/test/login==>request==>{}==>response==>"2"==>3ms
[2019-06-01T10:54:48.980] [ERROR] SERVICELOG - GET==>/favicon.ico==>request==>{}==>response==>"Not Found"==>1ms
[2019-06-01T10:59:29.696] [INFO] SERVICELOG - GET==>/test/login==>request==>{}==>response==>"2"==>2ms
[2019-06-01T10:59:49.330] [INFO] SERVICELOG - GET==>/test/login==>request==>{}==>response==>"2"==>3ms
[2019-06-01T11:03:58.741] [ERROR] SERVICELOG - GET==>/admin/login==>request==>{}==>response==>"Method Not Allowed"==>2ms
[2019-06-01T11:04:07.170] [ERROR] SERVICELOG - GET==>/admin/login==>request==>{}==>response==>服务出错了！==>2ms
[2019-06-01T11:13:36.266] [ERROR] SERVICELOG - GET==>/admin/login==>request==>{}==>response==>服务出错了！==>2ms
[2019-06-01T11:13:36.998] [ERROR] SERVICELOG - GET==>/admin/login==>request==>{}==>response==>服务出错了！==>1ms
[2019-06-01T11:13:38.480] [ERROR] SERVICELOG - GET==>/test/login==>request==>{}==>response==>"Not Found"==>0ms
[2019-06-01T11:14:09.517] [INFO] SERVICELOG - GET==>/test/login==>request==>{}==>response==>"2"==>2ms
[2019-06-01T11:16:19.915] [INFO] SERVICELOG - GET==>/test/login==>request==>{}==>response==>"2"==>3ms
[2019-06-01T11:16:30.769] [INFO] SERVICELOG - GET==>/test/login==>request==>{}==>response==>"2"==>2ms
[2019-06-01T11:17:24.552] [ERROR] SERVICELOG - GET==>/test/login==>request==>{}==>response==>"Not Found"==>1ms
[2019-06-01T11:17:42.858] [ERROR] SERVICELOG - GET==>/test/login==>request==>{}==>response==>"Not Found"==>0ms
[2019-06-01T11:17:43.766] [ERROR] SERVICELOG - GET==>/test/login==>request==>{}==>response==>"Not Found"==>0ms
[2019-06-01T11:17:45.047] [ERROR] SERVICELOG - GET==>/test/login==>request==>{}==>response==>"Not Found"==>0ms
[2019-06-01T11:17:47.074] [ERROR] SERVICELOG - GET==>/test/login==>request==>{}==>response==>"Not Found"==>0ms
[2019-06-01T11:17:58.027] [ERROR] SERVICELOG - GET==>/admin/login==>request==>{}==>response==>"Not Found"==>0ms
[2019-06-01T11:18:21.447] [ERROR] SERVICELOG - GET==>/admin/login==>request==>{}==>response==>"Not Found"==>1ms
[2019-06-01T11:18:22.318] [ERROR] SERVICELOG - GET==>/admin/login==>request==>{}==>response==>"Not Found"==>0ms
[2019-06-01T11:18:31.247] [ERROR] SERVICELOG - GET==>/admin/login==>request==>{}==>response==>"Not Found"==>3ms
[2019-06-01T11:19:01.143] [ERROR] SERVICELOG - GET==>/admin/login==>request==>{}==>response==>"Not Found"==>2ms
[2019-06-01T11:19:35.501] [ERROR] SERVICELOG - GET==>/admin/login==>request==>{}==>response==>"Not Found"==>1ms
[2019-06-01T11:19:36.091] [ERROR] SERVICELOG - GET==>/admin/login==>request==>{}==>response==>"Not Found"==>0ms
[2019-06-01T11:19:41.734] [ERROR] SERVICELOG - GET==>/admin/login==>request==>{}==>response==>"Not Found"==>1ms
[2019-06-01T11:19:43.669] [ERROR] SERVICELOG - GET==>/admin/login==>request==>{}==>response==>"Not Found"==>0ms
[2019-06-01T11:19:44.162] [ERROR] SERVICELOG - GET==>/admin/login==>request==>{}==>response==>"Not Found"==>0ms
[2019-06-01T11:19:44.420] [ERROR] SERVICELOG - GET==>/admin/login==>request==>{}==>response==>"Not Found"==>0ms
[2019-06-01T11:19:44.651] [ERROR] SERVICELOG - GET==>/admin/login==>request==>{}==>response==>"Not Found"==>0ms
[2019-06-01T11:19:44.859] [ERROR] SERVICELOG - GET==>/admin/login==>request==>{}==>response==>"Not Found"==>0ms
[2019-06-01T11:19:45.037] [ERROR] SERVICELOG - GET==>/admin/login==>request==>{}==>response==>"Not Found"==>0ms
[2019-06-01T11:19:45.235] [ERROR] SERVICELOG - GET==>/admin/login==>request==>{}==>response==>"Not Found"==>0ms
[2019-06-01T11:19:48.494] [ERROR] SERVICELOG - GET==>/test/login==>request==>{}==>response==>"Not Found"==>0ms
[2019-06-01T11:20:22.538] [INFO] SERVICELOG - GET==>/test/login==>request==>{}==>response==>"2"==>1ms
[2019-06-01T11:21:01.866] [ERROR] SERVICELOG - GET==>/admin/login==>request==>{}==>response==>"Not Found"==>0ms
[2019-06-01T11:21:12.486] [ERROR] SERVICELOG - GET==>/admin/login==>request==>{}==>response==>服务出错了！==>2ms
[2019-06-01T11:21:13.090] [ERROR] SERVICELOG - GET==>/admin/login==>request==>{}==>response==>服务出错了！==>0ms
[2019-06-01T11:21:29.341] [ERROR] SERVICELOG - GET==>/admin/login==>request==>{}==>response==>服务出错了！==>2ms
[2019-06-01T11:21:29.882] [ERROR] SERVICELOG - GET==>/admin/login==>request==>{}==>response==>服务出错了！==>2ms
[2019-06-01T11:22:00.678] [ERROR] SERVICELOG - GET==>/admin/login==>request==>{}==>response==>服务出错了！==>0ms
[2019-06-01T11:22:02.753] [INFO] SERVICELOG - GET==>/test/login==>request==>{}==>response==>"2"==>0ms
[2019-06-01T11:25:47.639] [INFO] SERVICELOG - GET==>/test/login==>request==>{}==>response==>"2"==>2ms
[2019-06-01T11:25:50.082] [ERROR] SERVICELOG - GET==>/admin/login==>request==>{}==>response==>Cannot read property 'user' of undefined==>1ms
[2019-06-01T12:17:10.157] [ERROR] SERVICELOG - GET==>/admin/login==>request==>{}==>response==>Cannot read property 'user' of undefined==>1ms
[2019-06-01T12:17:10.781] [ERROR] SERVICELOG - GET==>/admin/login==>request==>{}==>response==>Cannot read property 'user' of undefined==>1ms
[2019-06-01T12:17:12.987] [INFO] SERVICELOG - GET==>/test/login==>request==>{}==>response==>"2"==>0ms
[2019-06-01T12:21:45.620] [ERROR] SERVICELOG - GET==>/minad/login==>request==>{}==>response==>"Not Found"==>0ms
[2019-06-01T12:21:48.345] [ERROR] SERVICELOG - GET==>/admin/login==>request==>{}==>response==>Cannot read property 'user' of undefined==>0ms
[2019-06-01T14:06:40.030] [ERROR] SERVICELOG - GET==>/admin/login==>request==>{}==>response==>Cannot read property 'user' of undefined==>10ms
[2019-06-01T15:18:58.760] [INFO] SERVICELOG - GET==>/test/login==>request==>{}==>response==>{"success":false,"errCode":412,"errMsg":"name, password is required"}==>4ms
[2019-06-01T15:19:31.012] [INFO] SERVICELOG - GET==>/test/login?name=2&password=3==>request==>{"name":"2","password":"3"}==>response==>{"success":false,"errCode":412,"errMsg":"name, password is required"}==>0ms
[2019-06-01T15:19:32.265] [INFO] SERVICELOG - GET==>/test/login?name=2&password=3==>request==>{"name":"2","password":"3"}==>response==>{"success":false,"errCode":412,"errMsg":"name, password is required"}==>0ms
[2019-06-01T15:19:49.562] [ERROR] SERVICELOG - GET==>/test/login?name=2&password=3==>request==>{"name":"2","password":"3"}==>response==>"Method Not Allowed"==>1ms
[2019-06-01T15:20:14.577] [INFO] SERVICELOG - POST==>/test/login?==>request==>{"name":"ss","password":"sss"}==>response==>"2"==>1ms
[2019-06-01T15:25:56.756] [INFO] SERVICELOG - POST==>/test/login?==>request==>{"name":"ss"}==>response==>{"success":false,"errCode":412,"errMsg":"password is required"}==>2ms
[2019-06-01T15:26:46.020] [INFO] SERVICELOG - POST==>/test/login?==>request==>{"name":"ss"}==>response==>{"success":false,"errCode":412,"errMsg":"password is required"}==>4ms
[2019-06-01T15:27:53.812] [ERROR] SERVICELOG - GET==>/admin/login?&name=ss==>request==>{"name":"ss"}==>response==>Cannot read property 'user' of undefined==>2ms
[2019-06-01T15:28:09.146] [ERROR] SERVICELOG - GET==>/admin/login?&name=ss==>request==>{"name":"ss"}==>response==>服务出错了！==>1ms
[2019-06-01T15:28:34.906] [INFO] SERVICELOG - GET==>/admin/login?&name=ss==>request==>{"name":"ss"}==>response==>{"success":false,"errCode":412,"errMsg":"name, password is required"}==>6ms
[2019-06-01T15:28:45.940] [INFO] SERVICELOG - GET==>/admin/login?&name=ss&password%20=sss==>request==>{"name":"ss","password%20":"sss"}==>response==>{"success":false,"errCode":412,"errMsg":"name, password is required"}==>2ms
[2019-06-01T15:29:01.611] [INFO] SERVICELOG - GET==>/admin/login?&name=ss&password%20=sss==>request==>{"name":"ss","password%20":"sss"}==>response==>{"success":false,"errCode":412,"errMsg":"name, password is required"}==>3ms
[2019-06-01T15:29:13.039] [INFO] SERVICELOG - GET==>/admin/login?&name=ss&password%20=sss==>request==>{"name":"ss","password%20":"sss"}==>response==>{"success":false,"errCode":412,"errMsg":"name, password is required"}==>4ms
[2019-06-01T15:29:22.616] [INFO] SERVICELOG - GET==>/admin/login?&name=ss&password%20=sss==>request==>{"name":"ss","password%20":"sss"}==>response==>{"success":false,"errCode":412,"errMsg":"name, password is required"}==>10ms
[2019-06-01T15:29:59.585] [INFO] SERVICELOG - GET==>/admin/login?&name=ss&password%20=sss==>request==>{"name":"ss","password%20":"sss"}==>response==>{"success":false,"errCode":412,"errMsg":"name, password is required"}==>113ms
[2019-06-01T15:30:20.051] [INFO] SERVICELOG - GET==>/admin/login?&name=ss&password%20=sss==>request==>{"name":"ss","password%20":"sss"}==>response==>{"success":false,"errCode":412,"errMsg":"password is required"}==>5ms
[2019-06-01T15:30:27.494] [INFO] SERVICELOG - GET==>/admin/login?password%20=sss&name=ss&password=sss==>request==>{"password%20":"sss","name":"ss","password":"sss"}==>response==>{"a":1,"b":2}==>2ms
[2019-06-01T15:31:31.290] [ERROR] SERVICELOG - GET==>/admin/login?password%20=sss&name=ss&password=sss==>request==>{"password%20":"sss","name":"ss","password":"sss"}==>response==>value is not defined==>11ms
[2019-06-01T15:31:38.741] [ERROR] SERVICELOG - GET==>/admin/login?&name=ss&password=sss==>request==>{"name":"ss","password":"sss"}==>response==>value is not defined==>2ms
[2019-06-01T15:31:58.546] [INFO] SERVICELOG - GET==>/admin/login?&name=ss&password=sss==>request==>{"name":"ss","password":"sss"}==>response==>{"a":1,"b":2}==>6ms
[2019-06-01T15:32:47.222] [ERROR] SERVICELOG - GET==>/admin/login?&name=ss&password=sss==>request==>{"name":"ss","password":"sss"}==>response==>key is not defined==>1ms
[2019-06-01T15:33:06.683] [INFO] SERVICELOG - GET==>/admin/login?&name=ss&password=sss==>request==>{"name":"ss","password":"sss"}==>response==>{"success":false,"errCode":412,"errMsg":"[object Object] is required"}==>5ms
[2019-06-01T15:33:57.024] [ERROR] SERVICELOG - GET==>/admin/login?&name=ss&password=sss==>request==>{"name":"ss","password":"sss"}==>response==>paramsObj is not defined==>6ms
[2019-06-01T15:34:17.789] [INFO] SERVICELOG - GET==>/admin/login?&name=ss&password=sss==>request==>{"name":"ss","password":"sss"}==>response==>{"a":1,"b":2}==>16ms
[2019-06-01T15:34:42.576] [ERROR] SERVICELOG - GET==>/admin/login?&name=ss&password=sss==>request==>{"name":"ss","password":"sss"}==>response==>Cannot convert undefined or null to object==>3ms
[2019-06-01T15:35:02.851] [INFO] SERVICELOG - GET==>/admin/login?&name=ss&password=sss==>request==>{"name":"ss","password":"sss"}==>response==>{"success":false,"errCode":412,"errMsg":"n, a, m, e, p, a, s, s, w, o, r, d is required"}==>4ms
[2019-06-01T15:36:42.926] [INFO] SERVICELOG - GET==>/admin/login?&name=ss&password=sss==>request==>{"name":"ss","password":"sss"}==>response==>{"a":1,"b":2}==>9ms
[2019-06-01T15:37:43.963] [INFO] SERVICELOG - GET==>/admin/login?&name=ss&password=sss==>request==>{"name":"ss","password":"sss"}==>response==>{"a":1,"b":2}==>4ms
[2019-06-01T15:38:03.095] [INFO] SERVICELOG - GET==>/admin/login?==>request==>{}==>response==>{"success":false,"errCode":412,"errMsg":"name, password is required"}==>1ms
[2019-06-01T15:38:10.899] [INFO] SERVICELOG - GET==>/admin/login?&name=2==>request==>{"name":"2"}==>response==>{"success":false,"errCode":412,"errMsg":"password is required"}==>1ms
[2019-06-01T15:38:15.395] [INFO] SERVICELOG - GET==>/admin/login?&name=2&password%20=232==>request==>{"name":"2","password%20":"232"}==>response==>{"success":false,"errCode":412,"errMsg":"password is required"}==>1ms
[2019-06-01T15:39:12.063] [ERROR] SERVICELOG - GET==>/admin/login?&name=2&password%20=232==>request==>{"name":"2","password%20":"232"}==>response==>Cannot read property 'concat' of undefined==>3ms
[2019-06-01T15:41:11.742] [ERROR] SERVICELOG - GET==>/admin/login?&name=2&password%20=232==>request==>{"name":"2","password%20":"232"}==>response==>Cannot read property 'concat' of undefined==>2ms
[2019-06-01T15:41:12.931] [ERROR] SERVICELOG - GET==>/admin/login?&name=2&password%20=232==>request==>{"name":"2","password%20":"232"}==>response==>Cannot read property 'concat' of undefined==>1ms
[2019-06-01T15:41:45.654] [INFO] SERVICELOG - GET==>/admin/login?&name=2&password%20=232==>request==>{"name":"2","password%20":"232"}==>response==>{"success":false,"errCode":412,"errMsg":"password is required"}==>11ms
[2019-06-01T15:41:50.859] [INFO] SERVICELOG - GET==>/admin/login?password%20=232&name=2&password=232==>request==>{"password%20":"232","name":"2","password":"232"}==>response==>{"a":1,"b":2}==>1ms
[2019-06-01T15:42:03.023] [INFO] SERVICELOG - POST==>/test/login?==>request==>{"name":"2","password":"232"}==>response==>"2"==>1ms
[2019-06-01T15:42:08.724] [INFO] SERVICELOG - POST==>/test/login?==>request==>{"name":"2"}==>response==>{"success":false,"errCode":412,"errMsg":"password is required"}==>1ms
[2019-06-01T15:42:29.248] [INFO] SERVICELOG - POST==>/test/login?==>request==>{"name":"2"}==>response==>{"success":false,"errCode":412,"errMsg":"password is required"}==>2ms
[2019-06-01T15:42:30.210] [INFO] SERVICELOG - POST==>/test/login?==>request==>{"name":"2"}==>response==>{"success":false,"errCode":412,"errMsg":"password is required"}==>1ms
[2019-06-01T15:42:36.095] [INFO] SERVICELOG - POST==>/test/login?==>request==>{"name":"2","password":"232"}==>response==>"2"==>1ms
[2019-06-01T15:43:10.755] [INFO] SERVICELOG - POST==>/test/login?==>request==>{"name":"2","password":"232"}==>response==>{"success":false,"errCode":412,"errMsg":"n, a, m, e, p, a, s, s, w, o, r, d is required"}==>3ms
[2019-06-01T15:43:50.360] [INFO] SERVICELOG - POST==>/test/login?==>request==>{"name":"2","password":"232"}==>response==>"2"==>2ms
[2019-06-01T15:44:01.347] [INFO] SERVICELOG - POST==>/test/login?==>request==>{"name":"2","password":"232"}==>response==>"2"==>4ms
[2019-06-01T15:44:44.999] [INFO] SERVICELOG - POST==>/test/login?==>request==>{"name":"2","password":"232"}==>response==>"2"==>2ms
[2019-06-01T15:44:48.651] [ERROR] SERVICELOG - POST==>/test/login?==>request==>{"name":"2"}==>response==>password is required==>1ms
[2019-06-01T15:45:16.169] [ERROR] SERVICELOG - POST==>/test/login?==>request==>{"name":"2"}==>response==>password is required==>3ms
[2019-06-01T15:52:53.856] [ERROR] SERVICELOG - POST==>/admin/login?==>request==>{"name":"2"}==>response==>"Method Not Allowed"==>1ms
[2019-06-01T15:52:58.200] [ERROR] SERVICELOG - GET==>/admin/login?&name=2==>request==>{"name":"2"}==>response==>n, a, m, e is required==>3ms
[2019-06-01T15:53:02.418] [ERROR] SERVICELOG - GET==>/admin/login?&name=2==>request==>{"name":"2"}==>response==>n, a, m, e is required==>0ms
[2019-06-01T15:53:34.014] [ERROR] SERVICELOG - POST==>/test/login?==>request==>{"name":"2"}==>response==>password is required==>0ms
[2019-06-01T15:53:40.066] [INFO] SERVICELOG - POST==>/test/login?==>request==>{"name":"2","password":"3"}==>response==>"2"==>0ms
[2019-06-01T15:53:44.397] [ERROR] SERVICELOG - GET==>/test/login?&name=2&password=3==>request==>{"name":"2","password":"3"}==>response==>"Method Not Allowed"==>1ms
[2019-06-01T15:53:51.538] [ERROR] SERVICELOG - GET==>/admin/login?&name=2&password=3==>request==>{"name":"2","password":"3"}==>response==>n, a, m, e is required==>1ms
[2019-06-01T15:54:18.179] [ERROR] SERVICELOG - GET==>/admin/login?&name=2&password=3==>request==>{"name":"2","password":"3"}==>response==>n, a, m, e is required==>5ms
[2019-06-01T15:54:33.121] [ERROR] SERVICELOG - GET==>/admin/login?&name=2&password=3==>request==>{"name":"2","password":"3"}==>response==>n, a, m, e is required==>3ms
[2019-06-01T15:54:56.384] [ERROR] SERVICELOG - GET==>/admin/login?&name=2&password=3==>request==>{"name":"2","password":"3"}==>response==>n, a, m, e is required==>8ms
[2019-06-01T15:55:15.624] [ERROR] SERVICELOG - GET==>/admin/login?&name=2&password=3==>request==>{"name":"2","password":"3"}==>response==>n, a, m, e is required==>3ms
[2019-06-01T15:55:16.783] [ERROR] SERVICELOG - GET==>/admin/login?&name=2&password=3==>request==>{"name":"2","password":"3"}==>response==>n, a, m, e is required==>1ms
[2019-06-01T15:55:22.476] [ERROR] SERVICELOG - GET==>/admin/login?&name=2&password=3==>request==>{"name":"2","password":"3"}==>response==>n, a, m, e is required==>1ms
[2019-06-01T15:58:33.780] [ERROR] SERVICELOG - GET==>/admin/login?&name=2&password=3==>request==>{"name":"2","password":"3"}==>response==>av is not defined==>3ms
[2019-06-01T15:58:49.641] [ERROR] SERVICELOG - GET==>/admin/login?&name=2&password=3==>request==>{"name":"2","password":"3"}==>response==>av is not defined==>2ms
[2019-06-01T16:00:52.523] [ERROR] SERVICELOG - GET==>/admin/login?&name=2&password=3==>request==>{"name":"2","password":"3"}==>response==>av is not defined==>3ms
[2019-06-01T16:00:53.578] [ERROR] SERVICELOG - GET==>/admin/login?&name=2&password=3==>request==>{"name":"2","password":"3"}==>response==>av is not defined==>1ms
[2019-06-01T16:00:57.375] [ERROR] SERVICELOG - POST==>/admin/login?==>request==>{"name":"2","password":"3"}==>response==>"Method Not Allowed"==>0ms
[2019-06-01T16:01:00.602] [ERROR] SERVICELOG - GET==>/admin/login?&name=2&password=3==>request==>{"name":"2","password":"3"}==>response==>av is not defined==>0ms
[2019-06-01T16:02:24.040] [ERROR] SERVICELOG - GET==>/admin/login?&name=2&password=3==>request==>{"name":"2","password":"3"}==>response==>av is not defined==>2ms
[2019-06-01T16:02:25.028] [ERROR] SERVICELOG - GET==>/admin/login?&name=2&password=3==>request==>{"name":"2","password":"3"}==>response==>av is not defined==>1ms
[2019-06-01T16:03:15.013] [ERROR] SERVICELOG - GET==>/admin/login?&name=2&password=3==>request==>{"name":"2","password":"3"}==>response==>n, a, m, e is required==>5ms
[2019-06-01T16:05:58.736] [INFO] SERVICELOG - GET==>/admin/login?&name=2&password=3==>request==>{"name":"2","password":"3"}==>response==>{"a":1,"b":2}==>4ms
[2019-06-01T16:06:01.905] [INFO] SERVICELOG - GET==>/admin/login?name=2&password=3==>request==>{"name":"2","password":"3"}==>response==>{"a":1,"b":2}==>0ms
[2019-06-01T16:06:03.538] [INFO] SERVICELOG - GET==>/admin/login?name=2&password=3==>request==>{"name":"2","password":"3"}==>response==>{"a":1,"b":2}==>0ms
[2019-06-01T16:06:04.479] [INFO] SERVICELOG - GET==>/admin/login?name=2&password=3==>request==>{"name":"2","password":"3"}==>response==>{"a":1,"b":2}==>0ms
[2019-06-01T16:06:05.266] [INFO] SERVICELOG - GET==>/admin/login?name=2&password=3==>request==>{"name":"2","password":"3"}==>response==>{"a":1,"b":2}==>0ms
[2019-06-01T16:06:09.474] [ERROR] SERVICELOG - GET==>/admin/login?&password=3==>request==>{"password":"3"}==>response==>name is required==>2ms
[2019-06-01T16:09:20.421] [ERROR] SERVICELOG - GET==>/admin/login?&password=3==>request==>{"password":"3"}==>response==>name is required==>5ms
[2019-06-01T16:09:28.877] [INFO] SERVICELOG - GET==>/admin/login?&password=3&name=2323==>request==>{"password":"3","name":"2323"}==>response==>{"a":1,"b":2}==>0ms
[2019-06-01T16:16:31.077] [INFO] SERVICELOG - GET==>/admin/login?&password=3&name=2323==>request==>{"password":"3","name":"2323"}==>response==>{"a":1,"b":2}==>3ms
[2019-06-01T16:25:24.729] [INFO] SERVICELOG - GET==>/admin/getUserInfo==>request==>{}==>response==>{"a":1,"b":2}==>13ms
[2019-06-01T17:06:20.985] [INFO] SERVICELOG - GET==>/admin/getUserInfo==>request==>{}==>response==>{"a":1,"b":2}==>6ms
[2019-06-01T17:06:22.086] [INFO] SERVICELOG - GET==>/admin/getUserInfo==>request==>{}==>response==>{"a":1,"b":2}==>0ms
[2019-06-01T17:09:15.607] [INFO] SERVICELOG - GET==>/admin/getUserInfo==>request==>{}==>response==>{"a":1,"b":2}==>2ms
[2019-06-01T17:09:16.290] [INFO] SERVICELOG - GET==>/admin/getUserInfo==>request==>{}==>response==>{"a":1,"b":2}==>0ms
[2019-06-01T17:16:53.324] [INFO] SERVICELOG - GET==>/admin/getUserInfo==>request==>{}==>response==>{"a":1,"b":2}==>7ms
[2019-06-01T17:16:54.893] [INFO] SERVICELOG - GET==>/admin/getUserInfo==>request==>{}==>response==>{"a":1,"b":2}==>1ms
[2019-06-01T17:17:06.547] [INFO] SERVICELOG - GET==>/admin/getUserInfo==>request==>{}==>response==>{"success":false,"errCode":402,"errMsg":"name, password is required"}==>2ms
[2019-06-01T17:17:08.045] [INFO] SERVICELOG - GET==>/admin/getUserInfo==>request==>{}==>response==>{"success":false,"errCode":402,"errMsg":"name, password is required"}==>0ms
[2019-06-01T17:17:15.681] [INFO] SERVICELOG - GET==>/admin/getUserInfo?name=2==>request==>{"name":"2"}==>response==>{"success":false,"errCode":402,"errMsg":"password is required"}==>0ms
[2019-06-01T17:24:52.415] [INFO] SERVICELOG - GET==>/admin/getUserInfo?name=2==>request==>{"name":"2"}==>response==>{"success":false,"errCode":402,"errMsg":"password is required"}==>6ms
[2019-06-01T17:24:53.123] [INFO] SERVICELOG - GET==>/admin/getUserInfo?name=2==>request==>{"name":"2"}==>response==>{"success":false,"errCode":402,"errMsg":"password is required"}==>0ms
[2019-06-01T17:24:53.637] [INFO] SERVICELOG - GET==>/admin/getUserInfo?name=2==>request==>{"name":"2"}==>response==>{"success":false,"errCode":402,"errMsg":"password is required"}==>0ms
[2019-06-01T17:24:54.046] [INFO] SERVICELOG - GET==>/admin/getUserInfo?name=2==>request==>{"name":"2"}==>response==>{"success":false,"errCode":402,"errMsg":"password is required"}==>0ms
[2019-06-01T17:24:54.433] [INFO] SERVICELOG - GET==>/admin/getUserInfo?name=2==>request==>{"name":"2"}==>response==>{"success":false,"errCode":402,"errMsg":"password is required"}==>0ms
[2019-06-01T17:28:11.431] [ERROR] SERVICELOG - GET==>/admin/getUserInfo?name=2==>request==>{"name":"2"}==>response==>Cannot read property 'user' of undefined==>3ms
[2019-06-01T17:28:12.897] [ERROR] SERVICELOG - GET==>/admin/getUserInfo?name=2==>request==>{"name":"2"}==>response==>Cannot read property 'user' of undefined==>0ms
[2019-06-01T17:29:00.379] [ERROR] SERVICELOG - GET==>/admin/getUserInfo?name=2==>request==>{"name":"2"}==>response==>Cannot read property 'user' of undefined==>2ms
[2019-06-01T17:29:01.108] [ERROR] SERVICELOG - GET==>/admin/getUserInfo?name=2==>request==>{"name":"2"}==>response==>Cannot read property 'user' of undefined==>0ms
[2019-06-01T17:32:04.934] [ERROR] SERVICELOG - GET==>/admin/getUserInfo?name=2==>request==>{"name":"2"}==>response==>Cannot read property 'user' of undefined==>3ms
[2019-06-01T17:35:04.482] [ERROR] SERVICELOG - GET==>/admin/getUserInfo?name=2==>request==>{"name":"2"}==>response==>Cannot read property 'user' of undefined==>2ms
[2019-06-01T17:49:14.254] [ERROR] SERVICELOG - GET==>/admin/getUserInfo?name=2==>request==>{"name":"2"}==>response==>Cannot read property 'user' of undefined==>2ms
[2019-06-01T17:49:24.128] [INFO] SERVICELOG - GET==>/admin/getUserInfo?name=2==>request==>{"name":"2"}==>response==>{"success":false,"errCode":402,"errMsg":"password is required"}==>9ms
[2019-06-01T17:54:44.129] [INFO] SERVICELOG - GET==>/admin/getUserInfo?name=2==>request==>{"name":"2"}==>response==>{"success":false,"errCode":402,"errMsg":"password is required"}==>6ms
[2019-06-01T17:54:44.876] [INFO] SERVICELOG - GET==>/admin/getUserInfo?name=2==>request==>{"name":"2"}==>response==>{"success":false,"errCode":402,"errMsg":"password is required"}==>0ms
[2019-06-01T17:58:36.997] [ERROR] SERVICELOG - GET==>/admin/getUserInfo?name=2==>request==>{"name":"2"}==>response==>Cannot read property 'user' of undefined==>3ms
[2019-06-01T17:58:43.805] [INFO] SERVICELOG - GET==>/admin/getUserInfo?name=2==>request==>{"name":"2"}==>response==>{"success":false,"errCode":402,"errMsg":"password is required"}==>2ms
[2019-06-01T18:00:01.553] [ERROR] SERVICELOG - GET==>/admin/getUserInfo?name=2==>request==>{"name":"2"}==>response==>Cannot read property 'user' of undefined==>6ms
[2019-06-01T18:00:09.185] [INFO] SERVICELOG - GET==>/admin/getUserInfo?name=2==>request==>{"name":"2"}==>response==>{"success":false,"errCode":402,"errMsg":"password is required"}==>3ms
[2019-06-01T18:00:47.149] [INFO] SERVICELOG - GET==>/admin/getUserInfo?name=2==>request==>{"name":"2"}==>response==>{"success":false,"errCode":402,"errMsg":"password is required"}==>3ms
[2019-06-01T18:00:47.982] [INFO] SERVICELOG - GET==>/admin/getUserInfo?name=2==>request==>{"name":"2"}==>response==>{"success":false,"errCode":402,"errMsg":"password is required"}==>0ms
[2019-06-01T18:01:11.660] [INFO] SERVICELOG - GET==>/admin/getUserInfo?name=2==>request==>{"name":"2"}==>response==>{"success":false,"errCode":402,"errMsg":"password is required"}==>3ms
[2019-06-01T18:03:33.693] [INFO] SERVICELOG - GET==>/admin/getUserInfo?name=2==>request==>{"name":"2"}==>response==>{"success":false,"errCode":402,"errMsg":"password is required"}==>7ms
[2019-06-01T18:03:34.570] [INFO] SERVICELOG - GET==>/admin/getUserInfo?name=2==>request==>{"name":"2"}==>response==>{"success":false,"errCode":402,"errMsg":"password is required"}==>1ms
[2019-06-01T18:06:59.747] [INFO] SERVICELOG - GET==>/admin/getUserInfo?name=2==>request==>{"name":"2"}==>response==>{"success":false,"errCode":402,"errMsg":"password is required"}==>10ms
[2019-06-01T18:12:31.305] [INFO] SERVICELOG - GET==>/admin/getUserInfo?name=2==>request==>{"name":"2"}==>response==>{"success":false,"errCode":402,"errMsg":"password is required"}==>2ms
[2019-06-01T18:12:32.407] [INFO] SERVICELOG - GET==>/admin/getUserInfo?name=2==>request==>{"name":"2"}==>response==>{"success":false,"errCode":402,"errMsg":"password is required"}==>1ms
[2019-06-01T18:12:33.206] [INFO] SERVICELOG - GET==>/admin/getUserInfo?name=2==>request==>{"name":"2"}==>response==>{"success":false,"errCode":402,"errMsg":"password is required"}==>1ms
[2019-06-01T18:12:33.835] [INFO] SERVICELOG - GET==>/admin/getUserInfo?name=2==>request==>{"name":"2"}==>response==>{"success":false,"errCode":402,"errMsg":"password is required"}==>0ms
[2019-06-01T18:15:41.986] [ERROR] SERVICELOG - GET==>/admin/getUserInfo?name=2==>request==>{"name":"2"}==>response==>"Not Found"==>0ms
[2019-06-01T18:15:42.828] [ERROR] SERVICELOG - GET==>/admin/getUserInfo?name=2==>request==>{"name":"2"}==>response==>"Not Found"==>0ms
[2019-06-01T18:26:46.890] [INFO] SERVICELOG - GET==>/admin/getUserInfo?name=2==>request==>{"name":"2"}==>response==>{"success":false,"errCode":402,"errMsg":"password is required"}==>3ms
[2019-06-01T18:30:16.151] [INFO] SERVICELOG - GET==>/admin/getUserInfo?name=2==>request==>{"name":"2"}==>response==>{"success":false,"errCode":402,"errMsg":"password is required"}==>4ms
[2019-06-01T18:30:16.796] [INFO] SERVICELOG - GET==>/admin/getUserInfo?name=2==>request==>{"name":"2"}==>response==>{"success":false,"errCode":402,"errMsg":"password is required"}==>1ms
[2019-06-01T19:00:33.390] [INFO] SERVICELOG - GET==>/admin/getUserInfo?name=2==>request==>{"name":"2"}==>response==>{"success":false,"errCode":402,"errMsg":"password is required"}==>3ms
[2019-06-01T19:02:44.079] [INFO] SERVICELOG - GET==>/admin/getUserInfo?name=2==>request==>{"name":"2"}==>response==>{"success":false,"errCode":10002,"errMsg":"password is required"}==>10ms
[2019-06-01T19:02:45.732] [INFO] SERVICELOG - GET==>/admin/getUserInfo?name=2==>request==>{"name":"2"}==>response==>{"success":false,"errCode":10002,"errMsg":"password is required"}==>0ms
[2019-06-01T19:02:52.674] [INFO] SERVICELOG - GET==>/admin/getUserInfo?name=2==>request==>{"name":"2"}==>response==>{"success":false,"errCode":1002,"errMsg":"password is required"}==>3ms
[2019-06-01T19:02:53.482] [INFO] SERVICELOG - GET==>/admin/getUserInfo?name=2==>request==>{"name":"2"}==>response==>{"success":false,"errCode":1002,"errMsg":"password is required"}==>1ms
